File_size,Time
5496402,0.7787961959838867
5466501,0.9251980781555176
5469900,0.9932501316070557
5494390,0.8516240119934082
5471613,0.8147199153900146
5494068,0.921868085861206
5507218,0.8654499053955078
5537170,0.894773006439209
5557230,0.8451559543609619
5600824,0.8677630424499512
5613113,1.063720941543579
5594138,0.9908430576324463
5593290,0.8876311779022217
5634369,0.8526298999786377
5633126,0.9094879627227783
5618177,0.933729887008667
5612050,1.1671881675720215
5557817,1.1138203144073486
5542447,1.1149723529815674
5554485,1.060469150543213
5541099,0.9593141078948975
5562875,0.8973860740661621
5561867,0.9365048408508301
5570518,0.8651630878448486
5552771,0.808974027633667
5553886,0.8035190105438232
5549879,0.8913700580596924
5543684,0.8266012668609619
5524647,0.8554580211639404
5520773,0.8178880214691162
5554201,0.8627331256866455
5558719,0.8933429718017578
5600809,0.8977127075195312
5614537,1.0576648712158203
5610534,1.5309040546417236
5576740,0.7063448429107666
5606900,0.718472957611084
5610524,0.8713991641998291
5599367,0.8927412033081055
5597530,0.7805361747741699
5596249,0.9487628936767578
5586713,1.4049160480499268
5571190,0.9262039661407471
5562880,0.8967599868774414
5585656,0.881202220916748
5579432,0.8377828598022461
5563265,1.177354097366333
5539906,1.2557199001312256
5546271,1.3369808197021484
5545201,0.8823239803314209
5528143,2.2640719413757324
5531564,1.084143877029419
5565575,2.875380039215088
5574822,1.8426008224487305
5576783,1.8754513263702393
5556614,1.9302616119384766
5532391,0.9689011573791504
5708218,0.9203288555145264
5486083,0.6820721626281738
5717426,0.9078168869018555
5749539,1.022099256515503
5758612,0.9746508598327637
5729409,1.0373270511627197
5720752,0.8332600593566895
5737962,1.0817561149597168
5721321,1.089921236038208
5740163,0.9374613761901855
5750908,1.2814202308654785
5757758,1.0550260543823242
5714839,1.2336459159851074
5685750,1.136387825012207
5665712,0.8560905456542969
5633431,0.9195268154144287
5640412,0.7707021236419678
5640293,1.1358253955841064
5651894,0.9558568000793457
5643405,0.8748724460601807
5642418,0.8515927791595459
5640585,1.3029108047485352
5645485,0.8160688877105713
5652429,0.8290736675262451
5628820,1.032444715499878
5607852,1.0335776805877686
5611683,0.8525781631469727
5584307,0.9028422832489014
5592910,1.488370418548584
5599530,0.9330103397369385
5610951,0.8818905353546143
5625816,1.103308916091919
5602334,0.8419399261474609
5623692,1.0161705017089844
5606334,0.9177300930023193
5610907,0.9097421169281006
5639654,0.9458980560302734
5663003,1.4241924285888672
5694042,1.0267484188079834
5715937,0.9380385875701904
5728246,0.8555545806884766
5721494,0.9048402309417725
5721275,0.8897733688354492
5746325,0.8831727504730225
5745215,1.738379716873169
5738373,1.1877343654632568
5715373,1.003202199935913
5724765,1.1368355751037598
5742498,0.9531240463256836
5731948,0.9258561134338379
5716212,0.8229565620422363
5681589,0.9441502094268799
5687937,0.852668046951294
5693483,0.8451902866363525
5694854,0.8469970226287842
5697137,2.1490983963012695
5674122,1.3719260692596436
5690229,2.3587002754211426
5684208,0.9008045196533203
5684818,2.8358750343322754
5687675,1.5619542598724365
5662785,1.0402932167053223
5658245,3.6146116256713867
5624930,2.07421875
5619248,1.2538328170776367
5609099,1.0602426528930664
5577471,0.9559109210968018
5567293,1.5023369789123535
5569745,0.7904238700866699
5549748,0.8993556499481201
5551927,0.7909524440765381
5553173,0.7787306308746338
5548027,0.7991364002227783
5529520,0.7916698455810547
5503562,1.317337989807129
5499094,0.7833237648010254
5488988,1.289872407913208
5520416,1.0720643997192383
5512679,1.0146665573120117
5519922,0.9150345325469971
5510166,1.4872066974639893
5516326,1.1755168437957764
5488397,0.9253387451171875
5482555,0.9320328235626221
5471933,0.9081771373748779
5463558,1.1606011390686035
5467933,0.7948355674743652
5444364,1.991769790649414
5438925,0.7618403434753418
5432915,1.0717895030975342
5429766,0.8413209915161133
5409228,0.8351624011993408
5405644,0.7883410453796387
5410887,0.8421568870544434
5399408,0.7652442455291748
5413895,3.147725820541382
5417206,0.8702354431152344
5425486,0.8540935516357422
5413942,2.590698480606079
5439224,1.5878145694732666
5438487,3.7076849937438965
5423849,1.412994623184204
5440410,1.0334103107452393
5445885,42.577112913131714
5420336,3.904463291168213
5430889,1.3952219486236572
5429209,1.0110399723052979
5465169,1.1070458889007568
5455761,0.9188599586486816
5487851,0.8675811290740967
5550233,3.086508274078369
5529934,1.6540229320526123
5498988,0.8603568077087402
5512781,0.8940777778625488
5523660,0.9649410247802734
5508619,2.5001142024993896
5493626,1.276442289352417
5524180,1.1648027896881104
5537304,1.1829087734222412
5543926,1.6412439346313477
5523686,1.0649652481079102
5519595,3.193058490753174
5506797,1.5492017269134521
5529912,1.4690635204315186
5519964,1.1136345863342285
5541327,1.129356861114502
5544305,0.8674032688140869
5513111,1.6181702613830566
5517551,0.9058747291564941
5521446,0.8449158668518066
5504018,1.4218170642852783
5497009,1.2166447639465332
5485166,1.3266968727111816
5476631,1.1640710830688477
5414199,0.8626611232757568
5410903,1.478708267211914
5403603,0.8220453262329102
5384848,0.835970401763916
5409534,0.8380889892578125
5407316,0.718278169631958
5417923,0.7321829795837402
5414564,0.7142157554626465
5418824,0.7655696868896484
5410399,0.7801098823547363
5424128,1.4229750633239746
5407545,0.8115959167480469
5409752,0.7570347785949707
5394310,0.8733468055725098
5390619,1.0693602561950684
5399591,0.960597038269043
5399305,1.6773126125335693
5412193,0.9106571674346924
5397319,0.8974318504333496
5395051,0.8299548625946045
5391799,1.0048010349273682
5407228,1.4004106521606445
5397970,0.9946143627166748
5355123,0.9316284656524658
5362453,0.818389892578125
5360698,0.8028266429901123
5381051,1.729940414428711
5370830,0.7478523254394531
5355415,0.7418458461761475
5355407,1.0666277408599854
5378409,0.7328023910522461
5368569,1.5155045986175537
5425096,0.9226243495941162
5410183,18.034050226211548
5387783,0.9024872779846191
5366195,4.428470611572266
5344930,1.2364747524261475
5343827,9.641109943389893
5368609,0.732964277267456
5351095,0.8501620292663574
5346520,0.7756195068359375
5358489,0.7479686737060547
5343685,1.050487756729126
5359745,1.8104989528656006
5371644,0.8432235717773438
5386572,1.1127572059631348
5402215,10.965067625045776
5400718,0.9916501045227051
5441394,0.8902406692504883
5459135,0.8303894996643066
5429437,0.894150972366333
5440282,0.8848283290863037
5441353,0.8957679271697998
5393670,0.790886640548706
5418237,0.8425309658050537
5440210,0.8569059371948242
5433007,0.8027241230010986
5408007,1.2242028713226318
5419494,0.9557921886444092
5445966,1.5623886585235596
5453779,3.475027561187744
5456961,1.2620940208435059
5441766,1.017618179321289
5436950,0.9262182712554932
5445570,0.9560854434967041
5458652,0.9154207706451416
5436070,1.2651517391204834
5443593,1.1138484477996826
5442422,1.845442295074463
5439931,2.6497819423675537
5415830,3.991968870162964
5421449,4.051886081695557
5441074,1.1564135551452637
5412110,0.9156336784362793
5415597,1.5499377250671387
5421083,1.2976880073547363
5414430,1.2919340133666992
5410606,1.3504526615142822
5422805,0.8515617847442627
5445410,1.7461585998535156
5449802,0.8615496158599854
5471159,0.8737342357635498
5475407,0.8627021312713623
5474929,1.6748120784759521
5474760,1.2558834552764893
5472502,2.0333080291748047
5484926,4.320479393005371
5491324,1.617457628250122
5515406,1.005906343460083
5505322,1.2060632705688477
5501041,0.9876565933227539
5498969,0.8758945465087891
5467086,0.9409449100494385
5494502,2.088207960128784
5504420,1.1797704696655273
5510066,0.8050220012664795
5496625,34.00703310966492
5527198,1.0216021537780762
5540252,0.9329020977020264
5526942,0.920189619064331
5552387,23.87540316581726
5524116,0.8511142730712891
5531471,2.2030606269836426
5510456,1.579925775527954
5485525,1.1059811115264893
5484716,3.832028388977051
5476659,1.0065269470214844
5486065,4.324838399887085
5504070,2.2997238636016846
5515651,3.214796543121338
5526879,1.3955068588256836
5533139,2.994884729385376
5551686,1.8320872783660889
5552662,0.8469681739807129
5568172,2.764159679412842
5572907,1.3388316631317139
5577773,16.66276454925537
5596605,2.362773895263672
5580447,0.8373587131500244
5593411,0.8648931980133057
5571354,0.820281982421875
5586716,2.323701858520508
5604594,1.3056907653808594
5599632,1.0435092449188232
5598417,0.927349328994751
5593032,0.9389750957489014
5576596,1.0966675281524658
5576724,0.8086273670196533
5579649,1.067906379699707
5592740,2.196589708328247
5587608,0.934894323348999
5606071,0.9832253456115723
5613100,1.801769495010376
5633543,0.8399457931518555
5668954,2.0210366249084473
5689152,0.9031970500946045
5703419,0.9238533973693848
5724200,0.828291654586792
5711694,1.2517778873443604
5752573,3.185438871383667
5753496,1.137263298034668
5746736,0.9936597347259521
5725219,0.842137336730957
5697821,0.8381431102752686
5670761,1.0466177463531494
5635941,1.2591004371643066
5630898,0.8515424728393555
5639784,1.1183698177337646
5653283,0.9431610107421875
5664786,0.8728101253509521
5639906,1.026327133178711
5638322,0.8956329822540283
5629867,0.8779802322387695
5618363,1.0669076442718506
5618342,0.8941724300384521
5588794,0.7959332466125488
5589912,1.9453625679016113
5575719,1.5436456203460693
5579506,0.9515933990478516
5600216,4.572936773300171
5609538,1.452253818511963
5616873,1.18070650100708
5613483,9.395597457885742
5591270,3.1462795734405518
5606246,0.7286636829376221
5594777,1.7554798126220703
5587377,0.7766280174255371
5577529,0.7262144088745117
5601601,0.7738287448883057
5598131,0.9739646911621094
5609545,1.348233938217163
5604554,0.9673810005187988
5589381,0.7215859889984131
5594747,0.7414658069610596
5598638,0.7058131694793701
5592400,0.7441163063049316
5599539,0.756309986114502
5600724,0.722963809967041
5597097,1.3779017925262451
5601576,0.7549564838409424
5601875,0.7342550754547119
5603033,2.5918197631835938
5589093,1.7916977405548096
5584001,0.7913987636566162
5582640,0.8023290634155273
5619977,0.797222375869751
5625982,0.7912039756774902
5623367,0.7943103313446045
5647991,0.7441220283508301
5636374,0.8385412693023682
5638554,1.0282955169677734
5665247,0.998565673828125
5622710,1.010282278060913
5617486,0.8987939357757568
5665160,3.622551441192627
5717434,0.9790256023406982
5717810,0.9291529655456543
5677918,0.8481462001800537
5668539,0.8447544574737549
5688511,0.7999880313873291
5703055,0.8314361572265625
5710871,0.9252033233642578
5711900,0.837921142578125
5711900,0.916060209274292
5709932,0.8212487697601318
5709453,0.7704870700836182
5821427,0.8819437026977539
5820559,0.8128113746643066
5856569,1.121293067932129
5891365,1.6324806213378906
5906874,1.141568660736084
5885201,1.0039913654327393
5882693,0.8375020027160645
5880772,0.8025639057159424
5866349,1.519291639328003
5883798,0.8497381210327148
5869938,0.8208348751068115
5848850,0.840726375579834
5845314,1.7685136795043945
5853358,1.0459716320037842
5858688,1.4690887928009033
5896071,2.352952241897583
5869399,1.2921547889709473
5857098,3.0824055671691895
5866164,2.230290412902832
5845041,0.9912328720092773
5847118,0.8981752395629883
5831634,1.260542392730713
5857749,0.8144545555114746
5830374,0.8568079471588135
5840768,2.1934611797332764
5845767,1.0855214595794678
5877302,0.9037611484527588
5868218,0.8409552574157715
5874207,0.8158352375030518
5859413,2.131701707839966
5856823,0.9052329063415527
5842953,1.5723237991333008
5808103,2.4833614826202393
5774552,1.846961498260498
5742122,13.207231044769287
5739158,1.3346881866455078
5734490,0.9275078773498535
5744375,1.5709011554718018
5713674,0.8913993835449219
5673470,1.1279704570770264
5668795,2.2960293292999268
5653166,2.14542293548584
5684932,1.1911959648132324
5690507,0.96502685546875
5668788,1.228816032409668
5671294,0.874464750289917
5688347,0.9719035625457764
5674493,0.8235728740692139
5696563,1.8980565071105957
5702110,0.8369708061218262
5707524,1.436746597290039
5726177,2.132277250289917
5730513,0.8475868701934814
5718382,5.624383926391602
5692762,0.8440206050872803
5690389,1.2122564315795898
5724404,1.389266014099121
5729491,3.226179361343384
5702125,0.9274811744689941
5704480,1.8428804874420166
5712258,1.0123579502105713
5688807,0.9523286819458008
5661836,0.8107235431671143
5665092,0.899956464767456
5654086,1.2835469245910645
5695289,2.3718860149383545
5707599,1.315891981124878
5739332,1.016998529434204
5747325,0.9342188835144043
0,0.09285807609558105
5726305,0.7280659675598145
5619469,1.658989667892456
5608185,2.031423807144165
5586932,2.2876641750335693
5587515,3.1948156356811523
5604848,1.9755938053131104
5621234,3.2647311687469482
5309582,1.4064903259277344
5636370,1.8892569541931152
5684807,28.254366636276245
5678937,34.04789876937866
5723543,4.90533447265625
5752151,1.0281622409820557
5742378,4.490672826766968
5725246,1.6494576930999756
5736338,1.7453265190124512
0,8.104364156723022
5760226,5.613637685775757
5724729,1.45216703414917
5738339,4.215440988540649
5716208,1.349400281906128
5671124,3.9041690826416016
5700304,2.880465030670166
5720403,1.7986819744110107
5700055,1.9454998970031738
5651059,12.782896518707275
5645160,10.7746102809906
5641057,3.3094520568847656
5642119,5.141715049743652
5628699,1.7356653213500977
5594806,1.3198904991149902
5621948,2.3433680534362793
5612847,4.594008445739746
5628718,1.4458065032958984
5648154,1.4290978908538818
5672986,1.4603784084320068
5668173,1.8008863925933838
5641645,1.3251678943634033
5634993,1.6948509216308594
5607199,1.3448035717010498
5603178,1.241590976715088
5522363,1.3879237174987793
5489141,1.57603120803833
5529393,1.2478177547454834
5512641,1.862290382385254
5511733,1.4357988834381104
5464574,4.4851202964782715
5463517,4.714916467666626
5436966,1.4674553871154785
5444001,2.204887866973877
5435465,1.1024398803710938
5453087,1.2559914588928223
5455733,1.3792839050292969
5483459,2.899158239364624
5518275,1.931359052658081
5512054,1.4084839820861816
5508834,1.6580688953399658
5532796,1.2645461559295654
5550017,1.1565439701080322
5572057,2.3057217597961426
5561384,1.5854880809783936
5541683,1.7018413543701172
5538762,1.2686729431152344
5546068,1.2653069496154785
5561857,3.1414785385131836
5557980,1.510746717453003
5552493,1.2675049304962158
5558770,1.4549310207366943
5564461,1.5272772312164307
5578912,2.40395188331604
5585369,2.0215699672698975
5583960,2.239708423614502
5613072,1.8071837425231934
5654083,1.6685564517974854
5684132,2.308140516281128
5708995,1.7694039344787598
5759980,2.0742335319519043
5773009,2.1679065227508545
5759708,1.475884199142456
5727054,1.3910152912139893
5673369,1.2754242420196533
5698835,1.347992181777954
5699673,1.4524602890014648
5662981,1.7034013271331787
0,0.17015504837036133
5630618,2255.2322628498077
5628386,5.890084743499756
5556896,1.6936845779418945
5586589,2.2236196994781494
5579844,1.186694860458374
5561696,1.7810471057891846
5533655,1.3822021484375
5533254,1.5152239799499512
5531761,1.605691909790039
5542831,1.512286901473999
5573443,1.7685306072235107
5585821,1.1057016849517822
5596733,1.3706130981445312
5570122,1.1818296909332275
5554685,1.2627549171447754
5539737,1.273853063583374
5563562,1.4285073280334473
5536332,2.7017154693603516
5515844,1.2291455268859863
5520730,1.4726128578186035
5529906,1.5894653797149658
5535526,2.6130824089050293
5517389,1.5943069458007812
5483416,1.5923736095428467
5485281,3.3332080841064453
5504989,1.6893701553344727
5495313,1.17287015914917
5479752,1.036756992340088
5515938,1.1407759189605713
5513140,1.0365731716156006
5504242,1.7185189723968506
5470062,2.383549928665161
5458844,1.188446283340454
5464635,1.0721700191497803
5464373,4.687309741973877
5473633,1.243636131286621
5481343,1.437622308731079
5485350,2.4557530879974365
5476744,1.3134262561798096
5503023,1.6736705303192139
5497503,2.284501791000366
5485261,2.3753557205200195
5502562,2.0308678150177
5526243,1.4728195667266846
5528979,1.4958159923553467
5530337,1.5350110530853271
5561142,1.473952293395996
5564330,1.5420269966125488
5610289,1.9457247257232666
5633814,2.563770294189453
5656041,1.5228550434112549
5640459,1.359374761581421
5591014,1.4181537628173828
5583942,1.249610424041748
5566310,1.5655500888824463
5583201,1.174684762954712
5563407,1.360454797744751
5568702,1.2621324062347412
5582886,2.1487576961517334
5561759,1.4084727764129639
5564584,1.2204036712646484
5571134,1.6058099269866943
5550356,1.293381690979004
5554659,1.2725064754486084
5573311,1.076720952987671
5571670,1.5491187572479248
5633758,1.3997526168823242
5681560,1.6186609268188477
5662298,1.8126220703125
5655346,1.808617115020752
5647295,1.5410969257354736
5619866,1.1864144802093506
5629509,1.3568472862243652
5672959,1.2254705429077148
5634839,1.6269862651824951
5623639,1.088374376296997
5619151,1.271357536315918
5633889,1.9881341457366943
5649464,1.3963572978973389
5652282,1.474407434463501
5622515,3.6401896476745605
5616165,1.9363517761230469
5650795,1.3846628665924072
0,0.06227397918701172
0,0.07966470718383789
5589954,7.274021863937378
5592354,0.6650135517120361
5586264,2420.080270767212
5580334,244.81713223457336
5552418,6.406967878341675
5540576,0.7677192687988281
5535486,0.7599904537200928
5560493,0.6762275695800781
5582286,0.7988286018371582
5591987,0.7158501148223877
5561852,0.7505996227264404
5539168,0.7091736793518066
5551069,5.7500433921813965
5540257,4.560152053833008
5512247,12.377861022949219
5562028,22.627736568450928
5598276,4.532620191574097
0,8.150702714920044
0,3.4621834754943848
0,4.872653961181641
5757908,0.7369410991668701
5765302,0.7012796401977539
5758724,0.6862781047821045
5766777,0.8167099952697754
5766324,0.8012373447418213
5712723,0.7843084335327148
5688907,0.8065993785858154
5665480,0.8358376026153564
5616873,0.9367125034332275
5601980,1.1126072406768799
5598359,1.4736700057983398
5565943,1.1102218627929688
5566502,0.9744329452514648
5561677,1.4385883808135986
5565609,0.9055740833282471
5550319,0.8383140563964844
5553539,0.9255518913269043
5546242,1.5313928127288818
5545125,1.3885903358459473
5557920,2.345661163330078
5559136,2.7086853981018066
5605463,0.8393445014953613
5616795,0.8166093826293945
5588954,0.9221155643463135
5596971,1.6816768646240234
5628638,0.9175159931182861
5641221,1.6673505306243896
5628490,1.5834155082702637
5602973,0.8548383712768555
5592603,0.9863390922546387
5572128,0.8173868656158447
5563591,1.526057243347168
5610476,0.8326478004455566
5618162,1.0519957542419434
5572118,1.399540662765503
5607176,0.827002763748169
5609188,1.7367420196533203
5618351,0.7683236598968506
5619683,0.8747818470001221
5632416,1.4517583847045898
5621397,1.5156199932098389
5610758,1.713324785232544
5608503,2.4281084537506104
5604375,0.8633444309234619
5612393,0.8730387687683105
5614860,0.8341639041900635
5633469,1.146097183227539
5655610,1.5102636814117432
5677460,0.9428670406341553
5675880,1.0852067470550537
5659603,0.9319717884063721
5675872,1.0078175067901611
5650925,1.210578203201294
5620208,0.959489107131958
5626278,0.911170244216919
5633510,1.159850835800171
5607282,1.9157311916351318
5602780,1.2452380657196045
5611985,1.0859899520874023
5588498,1.0096678733825684
5599066,1.074460506439209
5607033,1.013948678970337
5642212,0.8514018058776855
5632313,0.8195974826812744
5673230,1.516829252243042
5689862,0.8759427070617676
5730670,1.144390344619751
5737678,0.83146071434021
5739945,0.7690577507019043
5774338,0.9690539836883545
5739636,5.155529737472534
5720662,0.5946359634399414
0,13.461366653442383
0,8.254178762435913
5711733,0.746016263961792
5711870,0.7816543579101562
5711905,1.0162904262542725
5698045,1.4894952774047852
5707254,0.9236962795257568
5677994,0.8098053932189941
5610666,1.2347497940063477
5607065,0.8114748001098633
5643709,0.7924253940582275
5620079,1.2048261165618896
5624528,5.269942283630371
5703821,7.335511684417725
5717512,0.8446750640869141
5720556,1.6674847602844238
5738993,1.0221538543701172
5766804,1.1591687202453613
5753239,1.127915620803833
5745516,2.5780293941497803
5751508,4.009046792984009
5715876,2.007748603820801
5696589,1.158263921737671
5682907,0.970421314239502
5681660,1.1188549995422363
5695720,0.8173022270202637
5705811,1.5081150531768799
5715932,0.8357226848602295
5698464,1.5638396739959717
5692112,0.8905432224273682
5696348,0.8276054859161377
5679584,2.595435380935669
5677687,0.7924885749816895
5683507,5.942617416381836
5682461,2.7824854850769043
5699033,1.213191270828247
5738123,0.9676499366760254
5765813,0.9206738471984863
5789610,2.3310298919677734
5761190,8.389603853225708
5774625,0.9069969654083252
5786691,0.8953940868377686
5765953,0.9567718505859375
5776927,0.9698905944824219
5764267,0.9006836414337158
5753900,1.4181745052337646
5778238,0.9636375904083252
5804981,1.0926363468170166
5804864,1.1422615051269531
5837507,1.856278657913208
5956343,1.073547124862671
5800938,0.914292573928833
5773230,0.9696731567382812
5765571,0.9833605289459229
5755765,0.9607424736022949
5767230,0.9062650203704834
5766920,0.8555135726928711
5773680,0.9515831470489502
5750383,1.0398015975952148
5750394,1.0131490230560303
5750968,1.6574158668518066
5773871,1.4374408721923828
5776331,0.8452572822570801
5782530,0.826345682144165
5823418,0.8275182247161865
5853272,0.8352644443511963
5913997,0.9515781402587891
5921854,0.8480381965637207
5975070,0.8257145881652832
5988348,0.8803367614746094
5977821,0.79990553855896
5976883,3.333320379257202
5976764,1.1473071575164795
5991068,0.9501926898956299
5964657,0.8910326957702637
5977094,2.0289676189422607
5949976,1.1702864170074463
5946679,1.6675171852111816
5929811,1.290724754333496
5936932,1.0565414428710938
5930821,0.9046919345855713
5918829,2.6258327960968018
5914010,1.8003699779510498
5901199,1.5230498313903809
5889034,0.9544351100921631
5895348,1.0587689876556396
5887711,1.1637415885925293
5889507,0.8742072582244873
5892994,0.8509781360626221
5885891,0.8255105018615723
5859943,1.2866172790527344
5830743,0.8703083992004395
5814688,0.91426682472229
5810725,1.5228986740112305
5802614,0.8256051540374756
5788327,3.145522117614746
5765275,2.126828193664551
5764338,1.0251274108886719
5772634,0.9323813915252686
5777283,1.3747715950012207
5756391,2.7434589862823486
5715103,2.9467227458953857
5699073,0.9772582054138184
5739292,0.9138166904449463
5757095,2.1206703186035156
5755671,90.04793500900269
5793690,0.9566140174865723
5809666,1.1446125507354736
5792943,0.9103794097900391
5794756,1.8880255222320557
5818628,2.7967920303344727
5839558,1.4007172584533691
5838740,2.451537847518921
5823722,1.1652448177337646
5801803,0.8954930305480957
5754213,1.3833518028259277
5748589,1.0248887538909912
5718241,1.1335186958312988
5705738,1.0786032676696777
5720384,1.0859441757202148
5706315,2.689894676208496
5726475,21.618463277816772
5707238,3.425009250640869
5711887,1.730332374572754
5704888,2.337258815765381
5680149,1.952423334121704
5708623,2.0979042053222656
5694651,3.172830104827881
5701765,2.2035579681396484
5711829,1.551276445388794
5696807,1.2277486324310303
5744535,1.3889403343200684
5819660,1.6132051944732666
5789205,1.4341909885406494
5826089,1.8153016567230225
5561686,9.088652610778809
5792249,5.563411235809326
5692094,1.5510039329528809
6002721,1.6602234840393066
6011988,1.3832995891571045
6030879,1.9558069705963135
5977660,1.5605065822601318
5889419,5.12965202331543
5884717,13.287938356399536
5890963,3.3648486137390137
5907165,25.732771396636963
5883557,4.681565046310425
5867373,4.709749698638916
5838368,11.058779954910278
5817190,10.77873945236206
5831561,21.706876516342163
5823633,1.797074794769287
5816426,2.1951513290405273
5819702,1.7224841117858887
5833927,4.778770208358765
5830927,3.9380340576171875
5804585,33.98068904876709
5780672,66.94100403785706
5812502,1.559553623199463
5783393,1.4809460639953613
5754978,2.6652843952178955
5747866,54.63205409049988
5714465,2.4996938705444336
5717395,2.695657968521118
5733914,1.7404532432556152
5743310,1.6459825038909912
5745087,3.360722303390503
5684555,3.709503412246704
5692937,2.8149666786193848
5678870,3.145925283432007
5694620,7.507819890975952
5682358,1.59089994430542
5682991,4.783154487609863
5718853,1.5765738487243652
5698136,2.824993133544922
5700921,4.641416072845459
5657646,1.6622068881988525
5676259,1.5105624198913574
5708707,1.5675468444824219
5690669,10.905278444290161
5660308,3.579829454421997
5638609,1.6968615055084229
5620390,2.041853189468384
5638941,3.8725204467773438
5652476,6.182603359222412
5640995,3.5541250705718994
5648277,1.7680130004882812
5650584,1.3596386909484863
5667487,1.7881858348846436
0,0.1319277286529541
0,0.3216545581817627
5705551,16.798058032989502
5679805,1.179091453552246
5663226,0.9327011108398438
5656717,0.7556967735290527
5655687,0.8002068996429443
5644166,1.1068000793457031
0,8.125027656555176
0,8.125157833099365
5688257,9.414993047714233
5710480,1.0210626125335693
5712943,1.2103326320648193
5733658,1.1059901714324951
5779960,1.3264358043670654
5810217,3.0285799503326416
5862208,2.861839771270752
5853612,1.311943531036377
5839191,2.0712926387786865
5821358,1.2926740646362305
5804381,2.0621025562286377
5807945,1.4271550178527832
5777820,14.388261795043945
5779283,1.847609043121338
5788574,1.5453150272369385
5775250,1.670039176940918
5769051,1.5336582660675049
5815687,2.2214882373809814
5819044,2.3318614959716797
5824796,2.34072208404541
5793864,4.231781482696533
5750146,1.8199882507324219
5755147,7.944335460662842
5765234,3.6072773933410645
5737170,3.169174909591675
5748422,1.8358798027038574
5772595,3.2373199462890625
5737290,2.0575459003448486
5749367,7.2951979637146
5773484,2.549299716949463
5744836,5.148745775222778
5737218,7.269687652587891
5728467,9.292123794555664
5705149,2.379222869873047
5714089,1.4073712825775146
5691373,4.2065269947052
5669381,1.3199400901794434
5655020,2.516617774963379
5598166,1.8563683032989502
5596089,2.7295289039611816
5592349,2.5282535552978516
5600284,4.389859914779663
5592894,3.02368426322937
5583592,1.4474713802337646
5574670,1.7036936283111572
5594172,6.5028979778289795
5616660,1.6913609504699707
5604500,1.5432286262512207
5597958,1.4521574974060059
5596102,1.920945644378662
5590605,9.075021982192993
5574225,2.5049262046813965
5572336,2.1106693744659424
5550328,2.5916197299957275
5566416,2.5407447814941406
5578076,6.880124568939209
5589121,15.573234796524048
5566184,1.979128360748291
5557226,6.25865364074707
5578464,1.286769151687622
5592442,3.1606364250183105
5597403,1.4355354309082031
5558270,1.8896965980529785
5590752,2.9072701930999756
5588634,4.011188983917236
5632100,4.3463921546936035
5641983,1.6987426280975342
5645245,9.069591760635376
5646963,17.553987979888916
5687050,4.082683086395264
5686825,3.807213544845581
5709549,1.8439857959747314
5716217,1.7700340747833252
5699139,2.620840072631836
5736635,5.726653337478638
5765904,5.556017875671387
5754688,19.248080492019653
5759824,20.952042818069458
5800783,1.8803014755249023
5819395,7.168592214584351
5809228,4.587866306304932
5795349,1.9445745944976807
5739802,3.3557913303375244
5747173,5.001643180847168
5720875,12.120057344436646
5730626,2.0566368103027344
5725470,2.7079856395721436
5756321,2.5917575359344482
5748042,4.37317681312561
5723209,7.010829925537109
5742525,2.745772123336792
5743612,2.140536308288574
5719497,4.223702430725098
5751957,2.488960027694702
5761574,4.815002202987671
5760280,2.108349561691284
5798069,5.511448621749878
5791357,17.98345923423767
5778376,13.3800368309021
5774141,24.55530095100403
5779052,3.9084293842315674
5775589,2.06002140045166
5747682,1.5313754081726074
5700189,1.4239227771759033
5687419,1.4745824337005615
5678621,1.3216631412506104
5679142,3.572303533554077
5694483,1.659576416015625
5685755,1.1753835678100586
5662893,1.6929481029510498
5648644,1.790736198425293
5637940,2.0990817546844482
5614518,1.5738239288330078
5605919,1.3135316371917725
5599184,1.184884786605835
5594542,1.4431564807891846
5590107,1.2646961212158203
5579002,1.4424614906311035
5566661,2.0989723205566406
5578003,2.258786201477051
5570746,1.4153356552124023
5576472,1.2219414710998535
5561267,1.3130574226379395
5550404,4.812153339385986
5496760,1.5159447193145752
5475151,1.2243545055389404
5504680,2.0050454139709473
5512533,1.6918883323669434
5518338,1.3515174388885498
5546237,1.5214319229125977
5521697,1.5998268127441406
5526019,1.3698642253875732
5538706,1.9553790092468262
5535405,1.4718637466430664
5518599,1.5671110153198242
5529928,1.7789649963378906
5534178,2.1649274826049805
5561340,1.8428499698638916
5618250,2.2331247329711914
5615326,0.7452638149261475
5642903,1.0031249523162842
5619490,0.8796534538269043
5636965,8.432125568389893
5666939,2.3082644939422607
5664343,3.5160720348358154
5696304,7.759612560272217
5689262,1.6478703022003174
0,8.146431922912598
5649335,4.966526508331299
5636933,0.7142090797424316
5619114,4.081823110580444
5611016,1.7471034526824951
5629202,0.8042173385620117
5618869,0.7322723865509033
5605311,0.8066408634185791
5600015,0.7233743667602539
5595164,0.8331267833709717
5588587,0.8643794059753418
5594905,0.6869733333587646
5604799,0.8758852481842041
5604716,5.710947275161743
5603245,9.991251230239868
5611023,1.4104936122894287
5652153,1.3598430156707764
5662262,3.0011441707611084
5657086,1.7032418251037598
5640826,2.3140923976898193
5612990,1.3319439888000488
5596583,1.686880350112915
5571212,6.993520975112915
5570241,5.331931114196777
5567949,1.5170795917510986
5553063,1.4198167324066162
5527448,1.2299010753631592
5563020,1.224496603012085
5551957,1.2309274673461914
5545801,1.9100923538208008
5516336,1.2088675498962402
5543695,2.079354763031006
5569127,8.840638160705566
5598488,1.2377114295959473
5601558,4.293676137924194
5606651,6.62482476234436
5594238,1.4443376064300537
5613856,1.275015115737915
5590022,1.2664737701416016
5582471,1.6679906845092773
5583672,2.0655062198638916
5574915,1.2373173236846924
5572820,1.939563274383545
5597690,7.185918092727661
5610681,2.7183480262756348
5603892,1.7773222923278809
5613853,1.939702033996582
5693226,0.8724555969238281
5676106,0.6887595653533936
5669320,0.8252203464508057
5666480,0.9904170036315918
5590236,0.7914142608642578
5571828,3.0897531509399414
5626579,1.3646013736724854
5660280,1.9884088039398193
5648967,1.0714828968048096
5654027,0.9960041046142578
5646390,1.1350934505462646
5674937,0.9289934635162354
5679816,0.8662576675415039
5649631,0.8406491279602051
5653292,0.8008267879486084
5652990,0.8678176403045654
5652483,0.8321521282196045
5644228,0.8508038520812988
5623977,1.584643840789795
5628304,0.8504297733306885
5617846,0.7955117225646973
5611812,0.8433878421783447
5606091,1.1901099681854248
5624036,0.8201808929443359
5583264,0.8801426887512207
5557142,0.8355388641357422
5590959,0.8673748970031738
5594076,1.569061040878296
5611329,1.3961167335510254
5631243,1.6020488739013672
5623789,0.9624371528625488
5634611,0.8384089469909668
5667618,0.8800837993621826
5666222,1.8431990146636963
5657946,1.0738213062286377
5666546,0.9413297176361084
5673591,0.9747171401977539
5664839,0.8213868141174316
5647860,0.8765869140625
5634018,0.9705181121826172
5612892,0.8519847393035889
5591112,1.1682753562927246
5572277,0.8962452411651611
5579723,0.8270609378814697
5571058,4.933375597000122
5545557,1.277569055557251
5545105,1.082265853881836
5551469,1.998652696609497
5549810,1.9427833557128906
5548740,1.9388976097106934
5548741,1.3298373222351074
5556402,0.9199743270874023
5562030,0.8324551582336426
5564203,0.8739345073699951
5561452,0.8826181888580322
5580060,1.8043642044067383
5602563,0.8604035377502441
5606108,1.6327319145202637
5612928,2.421079158782959
5612699,1.702117681503296
5614295,1.6941463947296143
5640253,1.04298996925354
5625796,0.9194245338439941
5648409,0.9549038410186768
5680180,1.0244224071502686
5673579,3.763444662094116
5681555,1.4708492755889893
5699320,0.9987549781799316
5710049,0.9543678760528564
5706001,0.9554774761199951
5716209,0.7961931228637695
5716843,0.8577485084533691
5741245,0.8408825397491455
5721689,0.7972404956817627
5724683,3.74314546585083
5711824,1.382939100265503
5688514,76.11189556121826
5694651,0.9112217426300049
5718958,2.186669111251831
5715358,1.1197829246520996
5710440,0.9147896766662598
5753663,1.1960773468017578
5751486,1.767101526260376
5777274,0.7988584041595459
5767989,0.864755392074585
5769581,0.8484363555908203
5755551,0.8441598415374756
5754943,2.1793558597564697
5724810,1.8471362590789795
5693471,2.3413031101226807
5714288,1.9400207996368408
5692456,2.6582086086273193
5697418,1.162116289138794
5708759,0.924731969833374
5705308,0.8530170917510986
5702188,0.8420877456665039
5681410,0.8184309005737305
5691259,0.888300895690918
5700131,0.9296777248382568
5686335,0.8617582321166992
5696959,1.9234154224395752
5700301,1.362626314163208
5703543,1.10833740234375
5703451,0.9608199596405029
5729024,0.9184432029724121
5703501,0.8627605438232422
5692236,0.8842027187347412
5697073,1.6601917743682861
5697989,1.0336828231811523
5680761,0.9452469348907471
5653201,0.9450697898864746
5674244,0.915224552154541
5684086,1.1544814109802246
5672623,0.9689476490020752
5677098,0.9834342002868652
5655589,1.641840934753418
5679351,1.2835161685943604
5651550,6.455942153930664
5648237,8.682450294494629
5625207,10.840068578720093
5675333,0.8537929058074951
0,8.096396684646606
5607433,0.7322046756744385
5637768,2.2742505073547363
5664867,0.8770217895507812
5706347,1.0075814723968506
5721100,2.3483307361602783
5687786,2.495286703109741
5685148,0.8575210571289062
5691522,0.8670110702514648
5680440,1.5775442123413086
5702003,1.0868031978607178
5680581,1.0594713687896729
5683657,0.7797088623046875
5695588,0.6274433135986328
5604841,0.6407859325408936
5364537,0.5876865386962891
5403266,0.5512495040893555
5386330,0.7915613651275635
5720289,1.4974682331085205
5748525,0.6502258777618408
5785901,1.552708387374878
5473574,3.452130079269409
5511385,2.000964641571045
5524143,2.1606638431549072
5857644,0.836536169052124
5886136,0.8221347332000732
5865502,3.9641735553741455
5847475,3.337543249130249
5851971,4.85680079460144
5854553,0.9815938472747803
5821404,1.1865811347961426
5803940,0.9159417152404785
5965418,1.9057600498199463
5821844,1.4411571025848389
5800104,40.03629779815674
5791371,3.6939661502838135
5790340,1.8011415004730225
5781571,1.5676510334014893
5794813,1.951805830001831
5801302,1.715764045715332
5799235,3.5317769050598145
5781712,1.491295337677002
5790636,1.2836732864379883
5802795,1.5971415042877197
5799503,1.4237163066864014
5793540,34.261536836624146
5826310,3.2352588176727295
5829174,1.3603086471557617
5816338,2.017738103866577
5810253,3.446526050567627
5789634,8.897709608078003
5753256,1.6029093265533447
5728672,2.7548727989196777
5700486,2.106198787689209
5679532,1.2062294483184814
5697299,1.0924937725067139
5704503,1.3512191772460938
5699620,1.5663950443267822
5717211,1.3449316024780273
5719276,4.9956347942352295
5732557,3.684352159500122
5720242,2.1842281818389893
5707163,1.173147439956665
5667579,1.0880656242370605
5644256,1.0792222023010254
5623817,2.9629318714141846
5639945,1.2985951900482178
5648580,3.1345176696777344
5652528,5.211971998214722
5667722,4.921143054962158
5677488,4.496455192565918
5662062,1.6450998783111572
5674638,4.970255613327026
5687414,0.6668121814727783
5701449,0.6957967281341553
5689023,0.6408154964447021
5700179,0.7633056640625
5675389,0.651104211807251
5701710,0.704981803894043
5687626,0.9389221668243408
5684187,0.7400641441345215
5691987,0.7134888172149658
5709093,0.9054591655731201
5708272,1.8074607849121094
5695136,2.7423408031463623
